[Licensing::Module] Trying to connect to existing licensing client channel...
Built from '6000.0/staging' branch; Version is '6000.0.61f1 (74a0adb02c31) revision 7643309'; Using compiler version '193933523'; Build Type 'Release'
[Licensing::IpcConnector] Successfully connected to: "LicenseClient-danie" at "2026-03-25T13:05:05.8331812Z"
OS: 'Windows 11  (10.0.26200) 64bit Core' Language: 'pt' Physical Memory: 32332 MB
BatchMode: 1, IsHumanControllingUs: 0, StartBugReporterOnCrash: 0, Is64bit: 1
Date: 2026-03-25T13:05:05Z

COMMAND LINE ARGUMENTS:
C:\Program Files\Unity\Hub\Editor\6000.0.61f1\Editor\Unity.exe
-adb2
-batchMode
-noUpm
-name
AssetImportWorker0
-projectPath
C:/Users/danie/Echoes of Dispair
-logFile
Logs/AssetImportWorker0.log
-srvPort
63769
-licensingIpc
LicenseClient-danie
-job-worker-count
5
-background-job-worker-count
8
-gc-helper-count
1
-name
AssetImport
Successfully changed project path to: C:/Users/danie/Echoes of Dispair
C:/Users/danie/Echoes of Dispair
[UnityMemory] Configuration Parameters - Can be set up in boot.config
    "memorysetup-bucket-allocator-granularity=16"
    "memorysetup-bucket-allocator-bucket-count=8"
    "memorysetup-bucket-allocator-block-size=33554432"
    "memorysetup-bucket-allocator-block-count=8"
    "memorysetup-main-allocator-block-size=16777216"
    "memorysetup-thread-allocator-block-size=16777216"
    "memorysetup-gfx-main-allocator-block-size=16777216"
    "memorysetup-gfx-thread-allocator-block-size=16777216"
    "memorysetup-cache-allocator-block-size=4194304"
    "memorysetup-typetree-allocator-block-size=2097152"
    "memorysetup-profiler-bucket-allocator-granularity=16"
    "memorysetup-profiler-bucket-allocator-bucket-count=8"
    "memorysetup-profiler-bucket-allocator-block-size=33554432"
    "memorysetup-profiler-bucket-allocator-block-count=8"
    "memorysetup-profiler-allocator-block-size=16777216"
    "memorysetup-profiler-editor-allocator-block-size=1048576"
    "memorysetup-temp-allocator-size-main=16777216"
    "memorysetup-job-temp-allocator-block-size=2097152"
    "memorysetup-job-temp-allocator-block-size-background=1048576"
    "memorysetup-job-temp-allocator-reduction-small-platforms=262144"
    "memorysetup-allocator-temp-initial-block-size-main=262144"
    "memorysetup-allocator-temp-initial-block-size-worker=262144"
    "memorysetup-temp-allocator-size-background-worker=32768"
    "memorysetup-temp-allocator-size-job-worker=262144"
    "memorysetup-temp-allocator-size-preload-manager=33554432"
    "memorysetup-temp-allocator-size-nav-mesh-worker=65536"
    "memorysetup-temp-allocator-size-audio-worker=65536"
    "memorysetup-temp-allocator-size-cloud-worker=32768"
    "memorysetup-temp-allocator-size-gi-baking-worker=262144"
    "memorysetup-temp-allocator-size-gi-baking-worker=262144"
    "memorysetup-temp-allocator-size-gi-baking-worker=262144"
    "memorysetup-temp-allocator-size-gi-baking-worker=262144"
    "memorysetup-temp-allocator-size-gi-baking-worker=262144"
    "memorysetup-temp-allocator-size-gfx=262144"
Player connection [21444]  Target information:

Player connection [21444]  * "[IP] 192.168.1.245 [Port] 0 [Flags] 2 [Guid] 2695195871 [EditorId] 2695195871 [Version] 1048832 [Id] WindowsEditor(7,DESKTOP-BF7GFHI) [Debug] 1 [PackageName] WindowsEditor [ProjectName] Editor" 

Player connection [21444] Host joined multi-casting on [225.0.0.222:54997]...
Player connection [21444] Host joined alternative multi-casting on [225.0.0.222:34997]...
JobSystem: Creating JobQueue using job-worker-count value 5
Input System module state changed to: Initialized.
[Physics::Module] Initialized fallback backend.
[Physics::Module] Id: 0xdecafbad
[Licensing::Client] Code 10 while verifying Licensing Client signature (process Id: 19928, path: "C:/Program Files/Unity Hub/UnityLicensingClient_V1/Unity.Licensing.Client.exe")
[Licensing::Module] LicensingClient has failed validation; ignoring
[Licensing::Client] Handshaking with LicensingClient:
  Version:                 1.17.3+a4e98f1
  Session Id:              4c0ce42fdf3a420c95bc474df1215666
  Correlation Id:          6eb21ebb55b54b9c640e71f41126e55a
  External correlation Id: 8970076407581259502
  Machine Id:              ns1IhdgJhvidj9r9A3V++lf3kEs=
[Licensing::Module] Successfully connected to LicensingClient on channel: "LicenseClient-danie" (connect: 0.00s, validation: 0.00s, handshake: 0.03s)
[Licensing::IpcConnector] Successfully connected to: "LicenseClient-danie-notifications" at "2026-03-25T13:05:05.8631568Z"
[Licensing::Module] Licensing Background thread has ended after 0.03s
Library Redirect Path: Library/
[Physics::Module] Selected backend.
[Physics::Module] Name: PhysX
[Physics::Module] Id: 0xf2b8ea05
[Physics::Module] SDK Version: 4.1.2
[Physics::Module] Integration Version: 1.0.0
[Physics::Module] Threading Mode: Multi-Threaded
Refreshing native plugins compatible for Editor in 1.22 ms, found 3 plugins.
Preloading 0 native plugins for Editor in 0.00 ms.
Initialize engine version: 6000.0.61f1 (74a0adb02c31)
[Subsystems] Discovering subsystems at path C:/Program Files/Unity/Hub/Editor/6000.0.61f1/Editor/Data/Resources/UnitySubsystems
[Subsystems] Discovering subsystems at path C:/Users/danie/Echoes of Dispair/Assets
GfxDevice: creating device client; kGfxThreadingModeNonThreaded
Direct3D:
    Version:  Direct3D 11.0 [level 11.1]
    Renderer: AMD Radeon RX 7700 XT (ID=0x747e)
    Vendor:   ATI
    VRAM:     12062 MB
    Driver:   32.0.12033.1030
Initialize mono
Mono path[0] = 'C:/Program Files/Unity/Hub/Editor/6000.0.61f1/Editor/Data/Managed'
Mono path[1] = 'C:/Program Files/Unity/Hub/Editor/6000.0.61f1/Editor/Data/MonoBleedingEdge/lib/mono/unityjit-win32'
Mono config path = 'C:/Program Files/Unity/Hub/Editor/6000.0.61f1/Editor/Data/MonoBleedingEdge/etc'
Using monoOptions --debugger-agent=transport=dt_socket,embedding=1,server=y,suspend=n,address=127.0.0.1:56976
Begin MonoManager ReloadAssembly
Registering precompiled unity dll's ...
Register platform support module: C:/Program Files/Unity/Hub/Editor/6000.0.61f1/Editor/Data/PlaybackEngines/WindowsStandaloneSupport/UnityEditor.WindowsStandalone.Extensions.dll
Registered in 0.001951 seconds.
- Loaded All Assemblies, in  0.263 seconds
Native extension for WindowsStandalone target not found
Mono: successfully reloaded assembly
- Finished resetting the current domain, in  0.232 seconds
Domain Reload Profiling: 494ms
	BeginReloadAssembly (87ms)
		ExecutionOrderSort (0ms)
		DisableScriptedObjects (0ms)
		BackupInstance (0ms)
		ReleaseScriptingObjects (0ms)
		CreateAndSetChildDomain (1ms)
	RebuildCommonClasses (25ms)
	RebuildNativeTypeToScriptingClass (9ms)
	initialDomainReloadingComplete (33ms)
	LoadAllAssembliesAndSetupDomain (108ms)
		LoadAssemblies (85ms)
		RebuildTransferFunctionScriptingTraits (0ms)
		AnalyzeDomain (106ms)
			TypeCache.Refresh (104ms)
				TypeCache.ScanAssembly (95ms)
			BuildScriptInfoCaches (0ms)
			ResolveRequiredComponents (1ms)
	FinalizeReload (232ms)
		ReleaseScriptCaches (0ms)
		RebuildScriptCaches (0ms)
		SetupLoadedEditorAssemblies (197ms)
			LogAssemblyErrors (0ms)
			InitializePlatformSupportModulesInManaged (15ms)
			SetLoadedEditorAssemblies (4ms)
			BeforeProcessingInitializeOnLoad (43ms)
			ProcessInitializeOnLoadAttributes (97ms)
			ProcessInitializeOnLoadMethodAttributes (38ms)
			AfterProcessingInitializeOnLoad (0ms)
			EditorAssembliesLoaded (0ms)
		ExecutionOrderSort2 (0ms)
		AwakeInstancesAfterBackupRestoration (0ms)
========================================================================
Worker process is ready to serve import requests
Import Worker Mode flag is 0x00
Begin MonoManager ReloadAssembly
[Licensing::Client] Successfully resolved entitlement details
[Licensing::Module] License group:
  Id: 6872787652608-dan_smcb-UnityProStuXXXX
  Product: Unity Student
  Type: Assigned
  Expiration: 2026-10-18T20:06:43Z
- Loaded All Assemblies, in  0.540 seconds
Refreshing native plugins compatible for Editor in 0.52 ms, found 3 plugins.
Native extension for WindowsStandalone target not found
Package Manager log level set to [2]
[Package Manager] Failed to launch server process. Reason: Unity was launched with the -noUpm command-line argument
[Package Manager] Unable to send message (not connected to server process).
[Package Manager] Cannot connect to Unity Package Manager local server
Mono: successfully reloaded assembly
- Finished resetting the current domain, in  0.508 seconds
Domain Reload Profiling: 1046ms
	BeginReloadAssembly (135ms)
		ExecutionOrderSort (0ms)
		DisableScriptedObjects (6ms)
		BackupInstance (0ms)
		ReleaseScriptingObjects (0ms)
		CreateAndSetChildDomain (26ms)
	RebuildCommonClasses (28ms)
	RebuildNativeTypeToScriptingClass (9ms)
	initialDomainReloadingComplete (27ms)
	LoadAllAssembliesAndSetupDomain (339ms)
		LoadAssemblies (236ms)
		RebuildTransferFunctionScriptingTraits (0ms)
		AnalyzeDomain (172ms)
			TypeCache.Refresh (128ms)
				TypeCache.ScanAssembly (118ms)
			BuildScriptInfoCaches (34ms)
			ResolveRequiredComponents (7ms)
	FinalizeReload (508ms)
		ReleaseScriptCaches (0ms)
		RebuildScriptCaches (0ms)
		SetupLoadedEditorAssemblies (385ms)
			LogAssemblyErrors (0ms)
			InitializePlatformSupportModulesInManaged (2ms)
			SetLoadedEditorAssemblies (3ms)
			BeforeProcessingInitializeOnLoad (81ms)
			ProcessInitializeOnLoadAttributes (262ms)
			ProcessInitializeOnLoadMethodAttributes (34ms)
			AfterProcessingInitializeOnLoad (3ms)
			EditorAssembliesLoaded (0ms)
		ExecutionOrderSort2 (0ms)
		AwakeInstancesAfterBackupRestoration (4ms)
Launched and connected shader compiler UnityShaderCompiler.exe after 0.01 seconds
Refreshing native plugins compatible for Editor in 0.57 ms, found 3 plugins.
Preloading 0 native plugins for Editor in 0.00 ms.
Unloading 13 Unused Serialized files (Serialized files now loaded: 0)
Unloading 6143 unused Assets / (4.8 MB). Loaded Objects now: 6845.
Memory consumption went from 128.9 MB to 124.1 MB.
Total: 7.622000 ms (FindLiveObjects: 0.611400 ms CreateObjectMapping: 0.538900 ms MarkObjects: 4.186300 ms  DeleteObjects: 2.284800 ms)

========================================================================
Received Import Request.
  Time since last request: 1538.352601 seconds.
  path: Assets/Prefabs/evacuation_card.prefab
  artifactKey: Guid(48699b53f6cec4547adbd3d46b20e8a5) Importer(815301076,1909f56bfc062723c751e8b465ee728b)
Start importing Assets/Prefabs/evacuation_card.prefab using Guid(48699b53f6cec4547adbd3d46b20e8a5) Importer(815301076,1909f56bfc062723c751e8b465ee728b) (PreviewImporter) -> (artifact id: '12eceed2c06d6f130e6848a4282f2813') in 0.3292645 seconds
Number of updated asset objects reloaded before import = 0Number of asset objects unloaded after import = 20

========================================================================
Received Prepare
Begin MonoManager ReloadAssembly
- Loaded All Assemblies, in  0.463 seconds
Refreshing native plugins compatible for Editor in 0.50 ms, found 3 plugins.
Native extension for WindowsStandalone target not found
[Package Manager] Failed to launch server process. Reason: Unity was launched with the -noUpm command-line argument
[Package Manager] Unable to send message (not connected to server process).
[Package Manager] Cannot connect to Unity Package Manager local server
Mono: successfully reloaded assembly
- Finished resetting the current domain, in  0.444 seconds
Domain Reload Profiling: 908ms
	BeginReloadAssembly (163ms)
		ExecutionOrderSort (0ms)
		DisableScriptedObjects (14ms)
		BackupInstance (0ms)
		ReleaseScriptingObjects (0ms)
		CreateAndSetChildDomain (47ms)
	RebuildCommonClasses (23ms)
	RebuildNativeTypeToScriptingClass (9ms)
	initialDomainReloadingComplete (17ms)
	LoadAllAssembliesAndSetupDomain (250ms)
		LoadAssemblies (201ms)
		RebuildTransferFunctionScriptingTraits (0ms)
		AnalyzeDomain (108ms)
			TypeCache.Refresh (4ms)
				TypeCache.ScanAssembly (0ms)
			BuildScriptInfoCaches (95ms)
			ResolveRequiredComponents (7ms)
	FinalizeReload (445ms)
		ReleaseScriptCaches (0ms)
		RebuildScriptCaches (0ms)
		SetupLoadedEditorAssemblies (342ms)
			LogAssemblyErrors (0ms)
			InitializePlatformSupportModulesInManaged (2ms)
			SetLoadedEditorAssemblies (3ms)
			BeforeProcessingInitializeOnLoad (72ms)
			ProcessInitializeOnLoadAttributes (231ms)
			ProcessInitializeOnLoadMethodAttributes (31ms)
			AfterProcessingInitializeOnLoad (4ms)
			EditorAssembliesLoaded (0ms)
		ExecutionOrderSort2 (0ms)
		AwakeInstancesAfterBackupRestoration (10ms)
Refreshing native plugins compatible for Editor in 0.67 ms, found 3 plugins.
Preloading 0 native plugins for Editor in 0.00 ms.
Unloading 13 Unused Serialized files (Serialized files now loaded: 0)
Unloading 6140 unused Assets / (4.3 MB). Loaded Objects now: 6894.
Memory consumption went from 147.6 MB to 143.3 MB.
Total: 7.323500 ms (FindLiveObjects: 0.944600 ms CreateObjectMapping: 0.490200 ms MarkObjects: 3.858900 ms  DeleteObjects: 2.029000 ms)

Prepare: number of updated asset objects reloaded= 0
========================================================================
Received Prepare
Begin MonoManager ReloadAssembly
- Loaded All Assemblies, in  0.453 seconds
Refreshing native plugins compatible for Editor in 0.72 ms, found 3 plugins.
Native extension for WindowsStandalone target not found
[Package Manager] Failed to launch server process. Reason: Unity was launched with the -noUpm command-line argument
[Package Manager] Unable to send message (not connected to server process).
[Package Manager] Cannot connect to Unity Package Manager local server
Mono: successfully reloaded assembly
- Finished resetting the current domain, in  0.429 seconds
Domain Reload Profiling: 883ms
	BeginReloadAssembly (145ms)
		ExecutionOrderSort (0ms)
		DisableScriptedObjects (4ms)
		BackupInstance (0ms)
		ReleaseScriptingObjects (0ms)
		CreateAndSetChildDomain (35ms)
	RebuildCommonClasses (22ms)
	RebuildNativeTypeToScriptingClass (8ms)
	initialDomainReloadingComplete (17ms)
	LoadAllAssembliesAndSetupDomain (260ms)
		LoadAssemblies (215ms)
		RebuildTransferFunctionScriptingTraits (0ms)
		AnalyzeDomain (110ms)
			TypeCache.Refresh (4ms)
				TypeCache.ScanAssembly (0ms)
			BuildScriptInfoCaches (96ms)
			ResolveRequiredComponents (7ms)
	FinalizeReload (429ms)
		ReleaseScriptCaches (0ms)
		RebuildScriptCaches (0ms)
		SetupLoadedEditorAssemblies (336ms)
			LogAssemblyErrors (0ms)
			InitializePlatformSupportModulesInManaged (2ms)
			SetLoadedEditorAssemblies (3ms)
			BeforeProcessingInitializeOnLoad (70ms)
			ProcessInitializeOnLoadAttributes (227ms)
			ProcessInitializeOnLoadMethodAttributes (31ms)
			AfterProcessingInitializeOnLoad (3ms)
			EditorAssembliesLoaded (0ms)
		ExecutionOrderSort2 (0ms)
		AwakeInstancesAfterBackupRestoration (10ms)
Refreshing native plugins compatible for Editor in 0.79 ms, found 3 plugins.
Preloading 0 native plugins for Editor in 0.00 ms.
Unloading 13 Unused Serialized files (Serialized files now loaded: 0)
Unloading 6139 unused Assets / (4.2 MB). Loaded Objects now: 6897.
Memory consumption went from 147.5 MB to 143.3 MB.
Total: 7.266600 ms (FindLiveObjects: 0.790300 ms CreateObjectMapping: 0.293000 ms MarkObjects: 4.351000 ms  DeleteObjects: 1.831700 ms)

Prepare: number of updated asset objects reloaded= 0
========================================================================
Received Import Request.
  Time since last request: 132.231133 seconds.
  path: Assets/Scripts/HandManager.cs
  artifactKey: Guid(17731e954f27bf845a015a9248d3199f) Importer(815301076,1909f56bfc062723c751e8b465ee728b)
Start importing Assets/Scripts/HandManager.cs using Guid(17731e954f27bf845a015a9248d3199f) Importer(815301076,1909f56bfc062723c751e8b465ee728b) (PreviewImporter) -> (artifact id: '4c097010f49b4309688e30c457974ffb') in 0.0032391 seconds
Number of updated asset objects reloaded before import = 0Number of asset objects unloaded after import = 0

========================================================================
Received Prepare
Begin MonoManager ReloadAssembly
[Licensing::Client] Successfully resolved entitlement details
- Loaded All Assemblies, in  2.641 seconds
Refreshing native plugins compatible for Editor in 0.73 ms, found 3 plugins.
Native extension for WindowsStandalone target not found
[Package Manager] Failed to launch server process. Reason: Unity was launched with the -noUpm command-line argument
[Package Manager] Unable to send message (not connected to server process).
[Package Manager] Cannot connect to Unity Package Manager local server
Mono: successfully reloaded assembly
- Finished resetting the current domain, in  0.577 seconds
Domain Reload Profiling: 3220ms
	BeginReloadAssembly (455ms)
		ExecutionOrderSort (0ms)
		DisableScriptedObjects (14ms)
		BackupInstance (0ms)
		ReleaseScriptingObjects (0ms)
		CreateAndSetChildDomain (81ms)
	RebuildCommonClasses (124ms)
	RebuildNativeTypeToScriptingClass (11ms)
	initialDomainReloadingComplete (30ms)
	LoadAllAssembliesAndSetupDomain (2022ms)
		LoadAssemblies (2129ms)
		RebuildTransferFunctionScriptingTraits (0ms)
		AnalyzeDomain (173ms)
			TypeCache.Refresh (8ms)
				TypeCache.ScanAssembly (0ms)
			BuildScriptInfoCaches (152ms)
			ResolveRequiredComponents (8ms)
	FinalizeReload (578ms)
		ReleaseScriptCaches (0ms)
		RebuildScriptCaches (0ms)
		SetupLoadedEditorAssemblies (448ms)
			LogAssemblyErrors (0ms)
			InitializePlatformSupportModulesInManaged (2ms)
			SetLoadedEditorAssemblies (4ms)
			BeforeProcessingInitializeOnLoad (105ms)
			ProcessInitializeOnLoadAttributes (291ms)
			ProcessInitializeOnLoadMethodAttributes (41ms)
			AfterProcessingInitializeOnLoad (5ms)
			EditorAssembliesLoaded (0ms)
		ExecutionOrderSort2 (0ms)
		AwakeInstancesAfterBackupRestoration (13ms)
Refreshing native plugins compatible for Editor in 0.87 ms, found 3 plugins.
Preloading 0 native plugins for Editor in 0.00 ms.
Unloading 13 Unused Serialized files (Serialized files now loaded: 0)
Unloading 6139 unused Assets / (4.3 MB). Loaded Objects now: 6900.
Memory consumption went from 147.5 MB to 143.2 MB.
Total: 7.935600 ms (FindLiveObjects: 0.709900 ms CreateObjectMapping: 0.346300 ms MarkObjects: 4.602800 ms  DeleteObjects: 2.274900 ms)

Prepare: number of updated asset objects reloaded= 0
========================================================================
Received Import Request.
  Time since last request: 129511.376939 seconds.
  path: Assets/Settings/Mobile_RPAsset.asset
  artifactKey: Guid(5e6cbd92db86f4b18aec3ed561671858) Importer(815301076,1909f56bfc062723c751e8b465ee728b)
Start importing Assets/Settings/Mobile_RPAsset.asset using Guid(5e6cbd92db86f4b18aec3ed561671858) Importer(815301076,1909f56bfc062723c751e8b465ee728b) (PreviewImporter) -> (artifact id: '4f72d667b303dfb429e5dcf2797d7d7c') in 0.0170494 seconds
Number of updated asset objects reloaded before import = 0Number of asset objects unloaded after import = 2

========================================================================
Received Import Request.
  Time since last request: 109.704903 seconds.
  path: Assets/Scenes/SampleScene.unity
  artifactKey: Guid(99c9720ab356a0642a771bea13969a05) Importer(2089858483,192608db42251d675da83286b1cce702)
Start importing Assets/Scenes/SampleScene.unity using Guid(99c9720ab356a0642a771bea13969a05) Importer(2089858483,192608db42251d675da83286b1cce702) (ScriptedImporter) -> (artifact id: '7f6da0c8878920d797c5f5c3b09390a9') in 0.1276663 seconds
Number of updated asset objects reloaded before import = 0Number of asset objects unloaded after import = 1

========================================================================
Received Import Request.
  Time since last request: 8.216599 seconds.
  path: Assets/Textures/Human Deck
  artifactKey: Guid(9c77dc99d676eb04385c58f19d7b45d3) Importer(815301076,1909f56bfc062723c751e8b465ee728b)
Start importing Assets/Textures/Human Deck using Guid(9c77dc99d676eb04385c58f19d7b45d3) Importer(815301076,1909f56bfc062723c751e8b465ee728b) (PreviewImporter) -> (artifact id: 'ef4c5baeb63c601a7fff34ecacfb8c82') in 0.0004653 seconds
Number of updated asset objects reloaded before import = 0Number of asset objects unloaded after import = 0

========================================================================
Received Import Request.
  Time since last request: 0.919460 seconds.
  path: Assets/Textures/Human Deck
  artifactKey: Guid(9c77dc99d676eb04385c58f19d7b45d3) Importer(2089858483,192608db42251d675da83286b1cce702)
Start importing Assets/Textures/Human Deck using Guid(9c77dc99d676eb04385c58f19d7b45d3) Importer(2089858483,192608db42251d675da83286b1cce702) (ScriptedImporter) -> (artifact id: '79ca6aab32689d9555b0f861ec088602') in 0.0129543 seconds
Number of updated asset objects reloaded before import = 0Number of asset objects unloaded after import = 1

========================================================================
Received Import Request.
  Time since last request: 9.399916 seconds.
  path: Assets/Textures/Nature Deck
  artifactKey: Guid(c4eb1dafc83cce14e800995f37fa4573) Importer(815301076,1909f56bfc062723c751e8b465ee728b)
Start importing Assets/Textures/Nature Deck using Guid(c4eb1dafc83cce14e800995f37fa4573) Importer(815301076,1909f56bfc062723c751e8b465ee728b) (PreviewImporter) -> (artifact id: '1a65c29e5ecfcd2efb3d7534f1d559c9') in 0.0004914 seconds
Number of updated asset objects reloaded before import = 0Number of asset objects unloaded after import = 0

========================================================================
Received Import Request.
  Time since last request: 0.949036 seconds.
  path: Assets/Textures/Nature Deck
  artifactKey: Guid(c4eb1dafc83cce14e800995f37fa4573) Importer(2089858483,192608db42251d675da83286b1cce702)
Start importing Assets/Textures/Nature Deck using Guid(c4eb1dafc83cce14e800995f37fa4573) Importer(2089858483,192608db42251d675da83286b1cce702) (ScriptedImporter) -> (artifact id: 'aaab03f6eed01212d0c7d4cdca1ab354') in 0.0102602 seconds
Number of updated asset objects reloaded before import = 0Number of asset objects unloaded after import = 1

========================================================================
Received Import Request.
  Time since last request: 4.591722 seconds.
  path: Assets/Textures/Human Deck/evacuation_tex.png
  artifactKey: Guid(c78d7153d68814042bc22c3f9ebc9a08) Importer(2089858483,192608db42251d675da83286b1cce702)
Start importing Assets/Textures/Human Deck/evacuation_tex.png using Guid(c78d7153d68814042bc22c3f9ebc9a08) Importer(2089858483,192608db42251d675da83286b1cce702) (ScriptedImporter) -> (artifact id: '1d81f93cfe95073001e080cf616a95cf') in 0.0489307 seconds
Number of updated asset objects reloaded before import = 0Number of asset objects unloaded after import = 1

========================================================================
Received Import Request.
  Time since last request: 52.344520 seconds.
  path: Assets/Textures/barricade_tex.png
  artifactKey: Guid(dd10144082a15684b914e2f82d2894d6) Importer(815301076,1909f56bfc062723c751e8b465ee728b)
Start importing Assets/Textures/barricade_tex.png using Guid(dd10144082a15684b914e2f82d2894d6) Importer(815301076,1909f56bfc062723c751e8b465ee728b) (PreviewImporter) -> (artifact id: '6648206528ea9dd0f7e5e5111aeba505') in 0.0385151 seconds
Number of updated asset objects reloaded before import = 0Number of asset objects unloaded after import = 2

========================================================================
Received Import Request.
  Time since last request: 0.000016 seconds.
  path: Assets/Textures/flame_of_prometheus_tex.png
  artifactKey: Guid(33bbb137382734b40af968e6caea69fe) Importer(815301076,1909f56bfc062723c751e8b465ee728b)
Start importing Assets/Textures/flame_of_prometheus_tex.png using Guid(33bbb137382734b40af968e6caea69fe) Importer(815301076,1909f56bfc062723c751e8b465ee728b) (PreviewImporter) -> (artifact id: '94e1b08fd0f85f593c1538e6166db8ef') in 0.0166512 seconds
Number of updated asset objects reloaded before import = 0Number of asset objects unloaded after import = 2

========================================================================
Received Import Request.
  Time since last request: 0.000057 seconds.
  path: Assets/Textures/seismic_echoes_tex.png
  artifactKey: Guid(1e0796cab972b454998e1faf28f27a96) Importer(815301076,1909f56bfc062723c751e8b465ee728b)
Start importing Assets/Textures/seismic_echoes_tex.png using Guid(1e0796cab972b454998e1faf28f27a96) Importer(815301076,1909f56bfc062723c751e8b465ee728b) (PreviewImporter) -> (artifact id: 'f1f698e609e13b804edcdc1ce2ad2e4f') in 0.0154408 seconds
Number of updated asset objects reloaded before import = 0Number of asset objects unloaded after import = 2

========================================================================
Received Import Request.
  Time since last request: 0.000017 seconds.
  path: Assets/Textures/sandbags_tex.png
  artifactKey: Guid(872022eb88f2c7844b8a050b64ce2d5f) Importer(815301076,1909f56bfc062723c751e8b465ee728b)
Start importing Assets/Textures/sandbags_tex.png using Guid(872022eb88f2c7844b8a050b64ce2d5f) Importer(815301076,1909f56bfc062723c751e8b465ee728b) (PreviewImporter) -> (artifact id: 'fd01393688096a2a7d56f752695b336e') in 0.0141231 seconds
Number of updated asset objects reloaded before import = 0Number of asset objects unloaded after import = 2

========================================================================
Received Import Request.
  Time since last request: 0.000017 seconds.
  path: Assets/Textures/rapid_intensification_tex.png
  artifactKey: Guid(a8deed11f1dd1274d8260348dd2e2885) Importer(815301076,1909f56bfc062723c751e8b465ee728b)
Start importing Assets/Textures/rapid_intensification_tex.png using Guid(a8deed11f1dd1274d8260348dd2e2885) Importer(815301076,1909f56bfc062723c751e8b465ee728b) (PreviewImporter) -> (artifact id: 'a1e2cb77dec43bf89ffbcf6b617d6ff4') in 0.0132151 seconds
Number of updated asset objects reloaded before import = 0Number of asset objects unloaded after import = 2

========================================================================
Received Import Request.
  Time since last request: 0.000013 seconds.
  path: Assets/Textures/generator_tex.png
  artifactKey: Guid(d0f7662996e4595418b3e666283168c5) Importer(815301076,1909f56bfc062723c751e8b465ee728b)
Start importing Assets/Textures/generator_tex.png using Guid(d0f7662996e4595418b3e666283168c5) Importer(815301076,1909f56bfc062723c751e8b465ee728b) (PreviewImporter) -> (artifact id: '39bbe0788a04b9bedcecd86da18ea255') in 0.0144667 seconds
Number of updated asset objects reloaded before import = 0Number of asset objects unloaded after import = 2

========================================================================
Received Import Request.
  Time since last request: 0.634683 seconds.
  path: Assets/Textures/parched_earth_tex.png
  artifactKey: Guid(cc6d96220cbc6de48be50f3eaa0d9c77) Importer(2089858483,192608db42251d675da83286b1cce702)
Start importing Assets/Textures/parched_earth_tex.png using Guid(cc6d96220cbc6de48be50f3eaa0d9c77) Importer(2089858483,192608db42251d675da83286b1cce702) (ScriptedImporter) -> (artifact id: '21a34b70bf5f1a54101e8dfc440016dc') in 0.0151197 seconds
Number of updated asset objects reloaded before import = 0Number of asset objects unloaded after import = 1

========================================================================
Received Import Request.
  Time since last request: 0.000017 seconds.
  path: Assets/Textures/stay_hydrated_tex.png
  artifactKey: Guid(5c93e7ae532752d46a9f134dc6747073) Importer(2089858483,192608db42251d675da83286b1cce702)
Start importing Assets/Textures/stay_hydrated_tex.png using Guid(5c93e7ae532752d46a9f134dc6747073) Importer(2089858483,192608db42251d675da83286b1cce702) (ScriptedImporter) -> (artifact id: 'c10d4df2645da25ca9cda3210a641cb3') in 0.0141627 seconds
Number of updated asset objects reloaded before import = 0Number of asset objects unloaded after import = 1

========================================================================
Received Import Request.
  Time since last request: 0.000020 seconds.
  path: Assets/Textures/torrent_of_the_naiads_tex.png
  artifactKey: Guid(4e551307e4a7ae046b84bef8b49c9e0b) Importer(2089858483,192608db42251d675da83286b1cce702)
Start importing Assets/Textures/torrent_of_the_naiads_tex.png using Guid(4e551307e4a7ae046b84bef8b49c9e0b) Importer(2089858483,192608db42251d675da83286b1cce702) (ScriptedImporter) -> (artifact id: '2055b428a867f7cf46a0946530e7783b') in 0.0167173 seconds
Number of updated asset objects reloaded before import = 0Number of asset objects unloaded after import = 1

========================================================================
Received Import Request.
  Time since last request: 0.000016 seconds.
  path: Assets/Textures/flame_of_prometheus_tex.png
  artifactKey: Guid(33bbb137382734b40af968e6caea69fe) Importer(2089858483,192608db42251d675da83286b1cce702)
Start importing Assets/Textures/flame_of_prometheus_tex.png using Guid(33bbb137382734b40af968e6caea69fe) Importer(2089858483,192608db42251d675da83286b1cce702) (ScriptedImporter) -> (artifact id: '8c946e8fc40d7fec0a619180a283baed') in 0.0167014 seconds
Number of updated asset objects reloaded before import = 0Number of asset objects unloaded after import = 1

========================================================================
Received Import Request.
  Time since last request: 0.000020 seconds.
  path: Assets/Textures/power_cut_off_tex.png
  artifactKey: Guid(613ec810d13f0f042a852dbb0d036ad2) Importer(2089858483,192608db42251d675da83286b1cce702)
Start importing Assets/Textures/power_cut_off_tex.png using Guid(613ec810d13f0f042a852dbb0d036ad2) Importer(2089858483,192608db42251d675da83286b1cce702) (ScriptedImporter) -> (artifact id: 'c24ae1a597366c649db710d8fe67896f') in 0.0180263 seconds
Number of updated asset objects reloaded before import = 0Number of asset objects unloaded after import = 1

========================================================================
Received Import Request.
  Time since last request: 0.000028 seconds.
  path: Assets/Textures/rapid_intensification_tex.png
  artifactKey: Guid(a8deed11f1dd1274d8260348dd2e2885) Importer(2089858483,192608db42251d675da83286b1cce702)
Start importing Assets/Textures/rapid_intensification_tex.png using Guid(a8deed11f1dd1274d8260348dd2e2885) Importer(2089858483,192608db42251d675da83286b1cce702) (ScriptedImporter) -> (artifact id: '5e16a2d4ef7c873cafe23a5cd8387c9b') in 0.0154148 seconds
Number of updated asset objects reloaded before import = 0Number of asset objects unloaded after import = 1

========================================================================
Received Import Request.
  Time since last request: 0.000017 seconds.
  path: Assets/Textures/stay_sheltered_tex.png
  artifactKey: Guid(e6295aad7d1d6454ab31d0c1add85eca) Importer(2089858483,192608db42251d675da83286b1cce702)
Start importing Assets/Textures/stay_sheltered_tex.png using Guid(e6295aad7d1d6454ab31d0c1add85eca) Importer(2089858483,192608db42251d675da83286b1cce702) (ScriptedImporter) -> (artifact id: '29086f6db990632d86886f84a41a1fdd') in 0.0148748 seconds
Number of updated asset objects reloaded before import = 0Number of asset objects unloaded after import = 1

========================================================================
Received Import Request.
  Time since last request: 126.816845 seconds.
  path: Assets/Sprites/breath_of_boreas.png
  artifactKey: Guid(0b9936fa5be4eb34c81bdefcbab040d2) Importer(815301076,1909f56bfc062723c751e8b465ee728b)
Start importing Assets/Sprites/breath_of_boreas.png using Guid(0b9936fa5be4eb34c81bdefcbab040d2) Importer(815301076,1909f56bfc062723c751e8b465ee728b) (PreviewImporter) -> (artifact id: 'a983b6de6f0a4efaaea00527f0a13dbc') in 0.0148234 seconds
Number of updated asset objects reloaded before import = 0Number of asset objects unloaded after import = 2

========================================================================
Received Import Request.
  Time since last request: 0.000017 seconds.
  path: Assets/Sprites/shelter.png
  artifactKey: Guid(609305b9722deb442b9eb5a15dda14fe) Importer(815301076,1909f56bfc062723c751e8b465ee728b)
Start importing Assets/Sprites/shelter.png using Guid(609305b9722deb442b9eb5a15dda14fe) Importer(815301076,1909f56bfc062723c751e8b465ee728b) (PreviewImporter) -> (artifact id: '9b4ef24ad8f5bfa16b5c9e5d8581b2c1') in 0.0148165 seconds
Number of updated asset objects reloaded before import = 0Number of asset objects unloaded after import = 2

========================================================================
Received Import Request.
  Time since last request: 0.000019 seconds.
  path: Assets/Sprites/torrent_of_the_naiads.png
  artifactKey: Guid(38859f80c272b1e48ad286fdbad5bc82) Importer(815301076,1909f56bfc062723c751e8b465ee728b)
Start importing Assets/Sprites/torrent_of_the_naiads.png using Guid(38859f80c272b1e48ad286fdbad5bc82) Importer(815301076,1909f56bfc062723c751e8b465ee728b) (PreviewImporter) -> (artifact id: '2ff5753c47ccf100a20f5080a656d00d') in 0.0146864 seconds
Number of updated asset objects reloaded before import = 0Number of asset objects unloaded after import = 2

========================================================================
Received Import Request.
  Time since last request: 0.000018 seconds.
  path: Assets/Sprites/sandbags.png
  artifactKey: Guid(d88f1b383039c78458b89d22137fcc40) Importer(815301076,1909f56bfc062723c751e8b465ee728b)
Start importing Assets/Sprites/sandbags.png using Guid(d88f1b383039c78458b89d22137fcc40) Importer(815301076,1909f56bfc062723c751e8b465ee728b) (PreviewImporter) -> (artifact id: 'f8907c83034e13284e27900c9ce5631e') in 0.0150159 seconds
Number of updated asset objects reloaded before import = 0Number of asset objects unloaded after import = 2

========================================================================
Received Import Request.
  Time since last request: 0.000024 seconds.
  path: Assets/Sprites/generator.png
  artifactKey: Guid(716e9abebf548ae468aeac7d90f5c226) Importer(815301076,1909f56bfc062723c751e8b465ee728b)
Start importing Assets/Sprites/generator.png using Guid(716e9abebf548ae468aeac7d90f5c226) Importer(815301076,1909f56bfc062723c751e8b465ee728b) (PreviewImporter) -> (artifact id: 'dc6d1957faabfb13dcf00f3dede718a9') in 0.0155318 seconds
Number of updated asset objects reloaded before import = 0Number of asset objects unloaded after import = 2

========================================================================
Received Import Request.
  Time since last request: 0.000022 seconds.
  path: Assets/Sprites/flame_of_prometheus.png
  artifactKey: Guid(a5df0086fa795c14da0657db6ec954a2) Importer(815301076,1909f56bfc062723c751e8b465ee728b)
Start importing Assets/Sprites/flame_of_prometheus.png using Guid(a5df0086fa795c14da0657db6ec954a2) Importer(815301076,1909f56bfc062723c751e8b465ee728b) (PreviewImporter) -> (artifact id: '6ad52b2af9cdcae77089760cb0334ac4') in 0.0140661 seconds
Number of updated asset objects reloaded before import = 0Number of asset objects unloaded after import = 2

========================================================================
Received Import Request.
  Time since last request: 0.000014 seconds.
  path: Assets/Sprites/power_cut_off.png
  artifactKey: Guid(1a04d076407078946a8095b2054362a7) Importer(815301076,1909f56bfc062723c751e8b465ee728b)
Start importing Assets/Sprites/power_cut_off.png using Guid(1a04d076407078946a8095b2054362a7) Importer(815301076,1909f56bfc062723c751e8b465ee728b) (PreviewImporter) -> (artifact id: 'fe758c18ab070487a915ba630ea09e31') in 0.0141056 seconds
Number of updated asset objects reloaded before import = 0Number of asset objects unloaded after import = 2

========================================================================
Received Import Request.
  Time since last request: 0.637456 seconds.
  path: Assets/Sprites/barricade.png
  artifactKey: Guid(bdf281b3b184e1d48b73f0f5e3bf8cff) Importer(2089858483,192608db42251d675da83286b1cce702)
Start importing Assets/Sprites/barricade.png using Guid(bdf281b3b184e1d48b73f0f5e3bf8cff) Importer(2089858483,192608db42251d675da83286b1cce702) (ScriptedImporter) -> (artifact id: '2759dfd70f6dc9e38557b781257232d0') in 0.0165103 seconds
Number of updated asset objects reloaded before import = 0Number of asset objects unloaded after import = 1

========================================================================
Received Import Request.
  Time since last request: 0.000017 seconds.
  path: Assets/Sprites/breath_of_boreas.png
  artifactKey: Guid(0b9936fa5be4eb34c81bdefcbab040d2) Importer(2089858483,192608db42251d675da83286b1cce702)
Start importing Assets/Sprites/breath_of_boreas.png using Guid(0b9936fa5be4eb34c81bdefcbab040d2) Importer(2089858483,192608db42251d675da83286b1cce702) (ScriptedImporter) -> (artifact id: '8e0715a350d105f04663d1c0e1d6c931') in 0.014509 seconds
Number of updated asset objects reloaded before import = 0Number of asset objects unloaded after import = 1

========================================================================
Received Import Request.
  Time since last request: 0.000035 seconds.
  path: Assets/Sprites/rapid_intensification.png
  artifactKey: Guid(c560cd4a03a95c248ac74355ccf880ef) Importer(2089858483,192608db42251d675da83286b1cce702)
Start importing Assets/Sprites/rapid_intensification.png using Guid(c560cd4a03a95c248ac74355ccf880ef) Importer(2089858483,192608db42251d675da83286b1cce702) (ScriptedImporter) -> (artifact id: 'ae0301b85b702158c0a5892f073476d0') in 0.0149725 seconds
Number of updated asset objects reloaded before import = 0Number of asset objects unloaded after import = 1

========================================================================
Received Import Request.
  Time since last request: 0.000020 seconds.
  path: Assets/Sprites/power_cut_off.png
  artifactKey: Guid(1a04d076407078946a8095b2054362a7) Importer(2089858483,192608db42251d675da83286b1cce702)
Start importing Assets/Sprites/power_cut_off.png using Guid(1a04d076407078946a8095b2054362a7) Importer(2089858483,192608db42251d675da83286b1cce702) (ScriptedImporter) -> (artifact id: 'ef43a416d2aa00c791cb994b94cc24a0') in 0.0154978 seconds
Number of updated asset objects reloaded before import = 0Number of asset objects unloaded after import = 1

========================================================================
Received Import Request.
  Time since last request: 0.000015 seconds.
  path: Assets/Sprites/parched_earth.png
  artifactKey: Guid(651f23255b9825d4a8ad91e092ac97e4) Importer(2089858483,192608db42251d675da83286b1cce702)
Start importing Assets/Sprites/parched_earth.png using Guid(651f23255b9825d4a8ad91e092ac97e4) Importer(2089858483,192608db42251d675da83286b1cce702) (ScriptedImporter) -> (artifact id: 'ce05f0491c5693713dc008f73101f2a0') in 0.0153496 seconds
Number of updated asset objects reloaded before import = 0Number of asset objects unloaded after import = 1

========================================================================
Received Import Request.
  Time since last request: 0.000015 seconds.
  path: Assets/Sprites/torrent_of_the_naiads.png
  artifactKey: Guid(38859f80c272b1e48ad286fdbad5bc82) Importer(2089858483,192608db42251d675da83286b1cce702)
Start importing Assets/Sprites/torrent_of_the_naiads.png using Guid(38859f80c272b1e48ad286fdbad5bc82) Importer(2089858483,192608db42251d675da83286b1cce702) (ScriptedImporter) -> (artifact id: 'b12477535f018cf372c65e3e97a49d10') in 0.014768 seconds
Number of updated asset objects reloaded before import = 0Number of asset objects unloaded after import = 1

========================================================================
Received Import Request.
  Time since last request: 101.198426 seconds.
  path: Assets/Settings/PC_Renderer.asset
  artifactKey: Guid(f288ae1f4751b564a96ac7587541f7a2) Importer(815301076,1909f56bfc062723c751e8b465ee728b)
Start importing Assets/Settings/PC_Renderer.asset using Guid(f288ae1f4751b564a96ac7587541f7a2) Importer(815301076,1909f56bfc062723c751e8b465ee728b) (PreviewImporter) -> (artifact id: 'faab6cc3a0eb7141fe31e2e91fd81ee8') in 0.0008562 seconds
Number of updated asset objects reloaded before import = 0Number of asset objects unloaded after import = 0

========================================================================
Received Import Request.
  Time since last request: 0.000016 seconds.
  path: Assets/Settings/UniversalRenderPipelineGlobalSettings.asset
  artifactKey: Guid(18dc0cd2c080841dea60987a38ce93fa) Importer(815301076,1909f56bfc062723c751e8b465ee728b)
Start importing Assets/Settings/UniversalRenderPipelineGlobalSettings.asset using Guid(18dc0cd2c080841dea60987a38ce93fa) Importer(815301076,1909f56bfc062723c751e8b465ee728b) (PreviewImporter) -> (artifact id: '5dc176259303b99d2ac2520353ce2733') in 0.0007621 seconds
Number of updated asset objects reloaded before import = 0Number of asset objects unloaded after import = 0

========================================================================
Received Import Request.
  Time since last request: 839.924543 seconds.
  path: Assets/Materials/evacuation_mat 1.mat
  artifactKey: Guid(470f5134c4cee9046950c90a0b5354bb) Importer(2089858483,192608db42251d675da83286b1cce702)
Start importing Assets/Materials/evacuation_mat 1.mat using Guid(470f5134c4cee9046950c90a0b5354bb) Importer(2089858483,192608db42251d675da83286b1cce702) (ScriptedImporter) -> (artifact id: 'faa5d899f39affb377a7dc9fc4f91712') in 0.025178 seconds
Number of updated asset objects reloaded before import = 20Number of asset objects unloaded after import = 2

========================================================================
Received Import Request.
  Time since last request: 0.000018 seconds.
  path: Assets/Materials/evacuation_mat 3.mat
  artifactKey: Guid(35155712f0bff42479f68a4246b4b8ba) Importer(2089858483,192608db42251d675da83286b1cce702)
Start importing Assets/Materials/evacuation_mat 3.mat using Guid(35155712f0bff42479f68a4246b4b8ba) Importer(2089858483,192608db42251d675da83286b1cce702) (ScriptedImporter) -> (artifact id: 'a0e0c88e219a069175118f812b7bc443') in 0.0141798 seconds
Number of updated asset objects reloaded before import = 0Number of asset objects unloaded after import = 2

========================================================================
Received Import Request.
  Time since last request: 198.888239 seconds.
  path: Assets/Materials/Human Deck/shelter_mat.mat
  artifactKey: Guid(f39ac372a3a53c140804ccf8443fd6e2) Importer(815301076,1909f56bfc062723c751e8b465ee728b)
Start importing Assets/Materials/Human Deck/shelter_mat.mat using Guid(f39ac372a3a53c140804ccf8443fd6e2) Importer(815301076,1909f56bfc062723c751e8b465ee728b) (PreviewImporter) -> (artifact id: '5a3841e42585a59f99b68e0b11759c5a') in 0.3042554 seconds
Number of updated asset objects reloaded before import = 0Number of asset objects unloaded after import = 2

========================================================================
Received Import Request.
  Time since last request: 0.164367 seconds.
  path: Assets/Materials/Human Deck/power_cut_off_mat.mat
  artifactKey: Guid(35155712f0bff42479f68a4246b4b8ba) Importer(2089858483,192608db42251d675da83286b1cce702)
Start importing Assets/Materials/Human Deck/power_cut_off_mat.mat using Guid(35155712f0bff42479f68a4246b4b8ba) Importer(2089858483,192608db42251d675da83286b1cce702) (ScriptedImporter) -> (artifact id: '540004a1b58d1dabb7fa1739ecf53924') in 0.0108455 seconds
Number of updated asset objects reloaded before import = 0Number of asset objects unloaded after import = 2

========================================================================
Received Import Request.
  Time since last request: 0.000019 seconds.
  path: Assets/Materials/Human Deck/evacuation_mat.mat
  artifactKey: Guid(fbfc9ce613c42c149b435c07fc6e2b5c) Importer(2089858483,192608db42251d675da83286b1cce702)
Start importing Assets/Materials/Human Deck/evacuation_mat.mat using Guid(fbfc9ce613c42c149b435c07fc6e2b5c) Importer(2089858483,192608db42251d675da83286b1cce702) (ScriptedImporter) -> (artifact id: 'c09f1bac8ccb33401580d12ca568017f') in 0.0122615 seconds
Number of updated asset objects reloaded before import = 0Number of asset objects unloaded after import = 2

========================================================================
Received Import Request.
  Time since last request: 3.519832 seconds.
  path: Assets/Materials/Human Deck/shelter_mat 2.mat
  artifactKey: Guid(d3142707f7c97c249bdf19fb8e9731a7) Importer(2089858483,192608db42251d675da83286b1cce702)
Start importing Assets/Materials/Human Deck/shelter_mat 2.mat using Guid(d3142707f7c97c249bdf19fb8e9731a7) Importer(2089858483,192608db42251d675da83286b1cce702) (ScriptedImporter) -> (artifact id: 'b0e89128a0d1fb4d05a09d1c223603b9') in 0.0130226 seconds
Number of updated asset objects reloaded before import = 0Number of asset objects unloaded after import = 2

========================================================================
Received Import Request.
  Time since last request: 204.974304 seconds.
  path: Assets/Materials/Human Deck/sandbags_mat.mat
  artifactKey: Guid(d3142707f7c97c249bdf19fb8e9731a7) Importer(2089858483,192608db42251d675da83286b1cce702)
Start importing Assets/Materials/Human Deck/sandbags_mat.mat using Guid(d3142707f7c97c249bdf19fb8e9731a7) Importer(2089858483,192608db42251d675da83286b1cce702) (ScriptedImporter) -> (artifact id: '7fd7962b40d3bb5c98c068d5a0e167ac') in 0.0157546 seconds
Number of updated asset objects reloaded before import = 0Number of asset objects unloaded after import = 2

========================================================================
Received Import Request.
  Time since last request: 0.000027 seconds.
  path: Assets/Materials/Nature Deck/stay_hidrated_mat 5.mat
  artifactKey: Guid(20642e2af02a1544a9dfcb1987b1f97f) Importer(2089858483,192608db42251d675da83286b1cce702)
Start importing Assets/Materials/Nature Deck/stay_hidrated_mat 5.mat using Guid(20642e2af02a1544a9dfcb1987b1f97f) Importer(2089858483,192608db42251d675da83286b1cce702) (ScriptedImporter) -> (artifact id: 'd9060d45e18be35df291f344821e0f05') in 0.0148103 seconds
Number of updated asset objects reloaded before import = 0Number of asset objects unloaded after import = 2

========================================================================
Received Import Request.
  Time since last request: 0.000075 seconds.
  path: Assets/Materials/Nature Deck/stay_hidrated_mat.mat
  artifactKey: Guid(7e396d0c0d5de534ba31b87dced8d331) Importer(2089858483,192608db42251d675da83286b1cce702)
Start importing Assets/Materials/Nature Deck/stay_hidrated_mat.mat using Guid(7e396d0c0d5de534ba31b87dced8d331) Importer(2089858483,192608db42251d675da83286b1cce702) (ScriptedImporter) -> (artifact id: '852ac7bdd5381a4287832c4f3ff251e1') in 0.0128437 seconds
Number of updated asset objects reloaded before import = 0Number of asset objects unloaded after import = 2

========================================================================
Received Import Request.
  Time since last request: 0.000026 seconds.
  path: Assets/Materials/Nature Deck/stay_hidrated_mat 2.mat
  artifactKey: Guid(ad125129978324c47959df724e5aa833) Importer(2089858483,192608db42251d675da83286b1cce702)
Start importing Assets/Materials/Nature Deck/stay_hidrated_mat 2.mat using Guid(ad125129978324c47959df724e5aa833) Importer(2089858483,192608db42251d675da83286b1cce702) (ScriptedImporter) -> (artifact id: '344103577cc38cacdb9e25a131b3a630') in 0.010647 seconds
Number of updated asset objects reloaded before import = 0Number of asset objects unloaded after import = 2

========================================================================
Received Import Request.
  Time since last request: 0.000023 seconds.
  path: Assets/Materials/Nature Deck/stay_hidrated_mat 3.mat
  artifactKey: Guid(62ce9f819e602e44db8f57d7051b0c13) Importer(2089858483,192608db42251d675da83286b1cce702)
Start importing Assets/Materials/Nature Deck/stay_hidrated_mat 3.mat using Guid(62ce9f819e602e44db8f57d7051b0c13) Importer(2089858483,192608db42251d675da83286b1cce702) (ScriptedImporter) -> (artifact id: 'acb7bf0d7216ff4a5360586c4fd9a9b0') in 0.0135231 seconds
Number of updated asset objects reloaded before import = 0Number of asset objects unloaded after import = 2

Editor requested this worker to shutdown with reason: Scaling down because of idle timeout
AssetImportWorker is now disconnected from the server
Process exiting
Exiting without the bug reporter. Application will terminate with return code 0